4
7
3
4
8
2
4
5
6
8
0
2
7
0
1
2
3
4
5
7
1
2
3
8
2
6
8
0
1
2
3
7
1
2
7
8
2
7
2
3
4
7
0
1
3
4
6
8
8
9
10
12
14
15
16
9
10
11
17
9
10
11
12
13
15
11
13
16
17
9
11
13
14
15
17
16
17
10
11
12
14
16
17
10
11
13
14
16
17
10
14
11
12
15
16
14
15
16
11
13
14
16
12
16
14
15
14
15
17
11
15
16
17
12
15
16
17
18
20
26
18
19
20
25
26
24
25
26
19
25
19
21
23
24
25
18
19
23
24
20
21
23
24
26
18
19
23
25
26
21
25
18
20
21
23
24
25
26
19
22
19
21
22
25
26
19
21
26
19
20
21
22
24
25
20
21
24
25
26
19
26
19
20
21
22
24
25
26
19
21
23
24
25
26
19
20
22
24
25
19
20
26
20
21
22
24
22
25
26
23
24
25
25
23
23
25
23
23
24
25
26
23
25
26
25
26
23
24
24
25
26
23
24
25
26
23
24
25
26
23
25
26
28
1
4
31
0
1
27
28
31
2
3
27
28
30
31
0
1
2
3
27
0
1
30
2
29
31
1
3
29
0
1
2
27
29
30
31
2
3
27
28
30
27
28
29
30
0
2
28
29
30
0
3
27
29
0
1
2
3
27
0
1
2
27
30
31
0
3
28
29
30
31
1
2
30
0
3
29
31
3
28
30
31
1
2
3
27
29
1
29
2
3
27
30
0
1
28
30
31
2
27
28
29
30
31
1
3
28
30
0
2
28
30
31
1
2
3
27
29
31
2
28
29
30
31
2
3
27
28
30
2
29
30
0
2
3
27
28
30
0
2
3
27
28
31
1
2
27
30
0
1
3
4
5
6
4
7
6
7
8
5
6
8
8
5
6
7
8
4
5
4
6
7
5
6
7
4
7
7
8
4
5
8
7
4
5
6
8
4
5
6
7
8
4
6
8
6
7
5
7
6
7
8
6
6
7
5
7
5
8
8
6
7
8
5
6
8
6
7
8
5
7
8
5
7
5
6
8
7
6
7
8
5
7
5
7
8