0
1
2
3
4
5
6
7
8
9
0
1
2
3
4
5
6
7
8
0
1
2
3
4
5
6
7
8
0
1
2
3
4
5
6
7
8
0
1
2
3
4
5
6
7
8
0
1
2
3
4
5
6
7
8
0
1
2
3
4
5
6
7
8
0
1
2
3
4
5
6
7
8
0
1
2
3
4
5
6
7
8
0
1
2
3
4
5
6
7
8
0
1
2
3
4
5
6
7
8
0
1
2
3
4
5
6
7
8
8
8
8
8
9
10
11
12
13
14
15
16
17
18
9
10
11
12
13
14
15
16
17
9
10
11
12
13
14
15
16
17
9
10
11
12
13
14
15
16
17
9
10
11
12
13
14
15
16
17
9
10
11
12
13
14
15
16
17
9
10
11
12
13
14
15
16
17
9
10
11
12
13
14
15
16
17
9
10
11
12
13
14
15
16
17
11
12
13
14
15
16
17
11
12
13
14
15
16
17
11
12
13
14
15
16
17
11
12
13
14
15
16
17
11
12
13
14
15
16
17
11
12
13
14
15
16
17
11
12
13
14
15
16
17
11
12
13
14
15
16
17
18
19
20
21
22
23
24
25
26
27
18
19
20
21
22
23
24
25
26
18
19
20
21
22
23
24
25
26
18
19
20
21
22
23
24
25
26
18
19
20
21
22
23
24
25
26
18
19
20
21
22
23
24
25
26
18
19
20
21
22
23
24
25
26
18
19
20
21
22
23
24
25
26
18
19
20
21
22
23
24
25
26
18
19
20
21
22
23
24
25
26
18
19
20
21
22
23
24
25
26
18
19
20
21
22
23
24
25
26
18
19
20
21
22
23
24
25
26
19
20
21
22
23
24
25
26
19
20
21
22
23
24
25
26
19
20
21
22
23
24
25
26
19
20
21
22
23
24
25
26
19
20
21
22
23
24
25
26
19
20
21
22
23
24
25
26
19
20
21
22
23
24
25
26
19
20
21
22
23
24
25
26
19
20
21
22
23
24
25
26
19
20
21
22
23
24
25
26
23
24
25
26
23
24
25
26
23
24
25
26
23
24
25
26
23
24
25
26
23
24
25
26
23
24
25
26
23
24
25
26
23
24
25
26
23
24
25
26
23
24
25
26
23
24
25
26
23
24
25
26
23
24
25
26
27
28
29
30
31
0
1
2
3
4
27
28
29
30
31
0
1
2
3
27
28
29
30
31
0
1
2
3
27
28
29
30
31
0
1
2
3
27
28
29
30
31
0
1
2
3
27
28
29
30
31
0
1
2
3
27
28
29
30
31
0
1
2
3
27
28
29
30
31
0
1
2
3
27
28
29
30
31
0
1
2
3
27
28
29
30
31
0
1
2
3
27
28
29
30
31
0
1
2
3
27
28
29
30
31
0
1
2
3
27
28
29
30
31
0
1
2
3
27
28
29
30
31
0
1
2
3
27
28
29
30
31
0
1
2
3
27
28
29
30
31
0
1
2
3
27
28
29
30
31
0
1
2
3
27
28
29
30
31
0
1
2
3
27
28
29
30
31
0
1
2
3
27
28
29
30
31
0
1
2
3
27
28
29
30
31
0
1
2
3
27
28
29
30
31
0
1
2
3
27
28
29
30
31
0
1
2
3
27
28
29
30
31
0
1
2
3
27
28
29
30
31
0
1
2
3
27
28
29
30
31
0
1
2
3
27
28
29
30
31
0
1
2
3
27
28
29
30
31
0
1
2
3
27
28
29
30
31
0
1
2
3
27
28
29
30
31
0
1
2
3
27
28
29
30
31
0
1
2
3
27
28
29
30
31
0
1
2
3
27
28
29
30
31
0
1
2
3
4
5
6
7
8
4
5
6
7
8
4
5
6
7
8
4
5
6
7
8
4
5
6
7
8
4
5
6
7
8
4
5
6
7
8
4
5
6
7
8
4
5
6
7
8
4
5
6
7
8
4
5
6
7
8
4
5
6
7
8
4
5
6
7
8
4
5
6
7
8
4
5
6
7
8
4
5
6
7
8
4
5
6
7
8
4
5
6
7
8
4
5
6
7
8
5
6
7
8
5
6
7
8
5
6
7
8
5
6
7
8
5
6
7
8
5
6
7
8
5
6
7
8
5
6
7
8
5
6
7
8
5
6
7
8
5
6
7
8
5
6
7
8
5
6
7
8
5
6
7
8
5
6
7
8
5
6
7
8
5
6
7
8
5
6
7
8
5
6
7
8